<?xml version="1.0" encoding="UTF-8"?>
<testng-results ignored="0" total="1" passed="1" failed="0" skipped="0">
  <reporter-output>
  </reporter-output>
  <suite started-at="2024-06-18T10:11:12Z" name="Default suite" finished-at="2024-06-18T10:11:12Z" duration-ms="27">
    <groups>
    </groups>
    <test started-at="2024-06-18T10:11:12Z" name="Default test" finished-at="2024-06-18T10:11:12Z" duration-ms="27">
      <class name="practice.datadriventesting.ReadRunTimeMavenParameterTest">
        <test-method signature="runtimeParameterTest()[pri:0, instance:practice.datadriventesting.ReadRunTimeMavenParameterTest@5ddeb7cb]" started-at="2024-06-18T10:11:12Z" name="runtimeParameterTest" finished-at="2024-06-18T10:11:12Z" duration-ms="10" status="PASS">
          <reporter-output>
          </reporter-output>
        </test-method> <!-- runtimeParameterTest -->
      </class> <!-- practice.datadriventesting.ReadRunTimeMavenParameterTest -->
    </test> <!-- Default test -->
  </suite> <!-- Default suite -->
</testng-results>
